<?xml version="1.0" encoding="UTF-8"?>
<!-- Generated by org.testng.reporters.JUnitXMLReporter -->
<testsuite ignored="1" hostname="EGCA1-0091" failures="0" tests="14" name="TestChrome" time="63.66" errors="0" timestamp="2022-01-20T14:33:00 EET">
  <testcase classname="main.Start" name="startApplication" time="13.167"/>
  <testcase classname="main.Start" name="chooseAutoCompleteLink" time="3.117"/>
  <testcase classname="main.Start" name="fillAutoCompleteData" time="3.689"/>
  <testcase classname="main.Start" name="chooseButtonsLink" time="5.827"/>
  <testcase classname="main.Start" name="chooseCheckBoxs" time="5.299"/>
  <testcase classname="main.Start" name="chooseDatePicker" time="5.337"/>
  <testcase classname="main.Start" name="chooseEnableAndDisable" time="1.656"/>
  <testcase classname="main.Start" name="chooseUploadFile" time="1.106"/>
  <testcase classname="main.Start" name="chooseKeyAndMousPress" time="1.698"/>
  <testcase classname="main.Start" name="chooseModal" time="4.296"/>
  <testcase classname="main.Start" name="choosePageScroll" time="2.227"/>
  <testcase classname="main.Start" name="chooseRadioButtons" time="1.229"/>
  <testcase classname="main.Start" name="chooseSwitchWindows" time="3.388"/>
  <testcase classname="main.Start" name="chooseCompleteWebForm" time="7.355"/>
  <testcase classname="main.Start" name="chooseDragAndDrop" time="0.0">
    <ignored/>
  </testcase> <!-- chooseDragAndDrop -->
</testsuite> <!-- TestChrome -->
