<?xml version="1.0" encoding="UTF-8"?>
<!-- Generated by org.testng.reporters.JUnitXMLReporter -->
<testsuite ignored="1" hostname="EGCA1-0091" failures="0" tests="14" name="TestChrome" time="69.029" errors="0" timestamp="2022-01-20T15:00:40 EET">
  <testcase classname="main.Start" name="startApplication" time="11.219"/>
  <testcase classname="main.Start" name="chooseAutoCompleteLink" time="3.145"/>
  <testcase classname="main.Start" name="fillAutoCompleteData" time="4.137"/>
  <testcase classname="main.Start" name="chooseButtonsLink" time="6.482"/>
  <testcase classname="main.Start" name="chooseCheckBoxs" time="5.539"/>
  <testcase classname="main.Start" name="chooseDatePicker" time="5.574"/>
  <testcase classname="main.Start" name="chooseEnableAndDisable" time="2.17"/>
  <testcase classname="main.Start" name="chooseUploadFile" time="1.406"/>
  <testcase classname="main.Start" name="chooseKeyAndMousPress" time="2.173"/>
  <testcase classname="main.Start" name="chooseModal" time="4.478"/>
  <testcase classname="main.Start" name="choosePageScroll" time="2.305"/>
  <testcase classname="main.Start" name="chooseRadioButtons" time="1.209"/>
  <testcase classname="main.Start" name="chooseSwitchWindows" time="3.327"/>
  <testcase classname="main.Start" name="chooseCompleteWebForm" time="8.22"/>
  <testcase classname="main.Start" name="chooseDragAndDrop" time="0.0">
    <ignored/>
  </testcase> <!-- chooseDragAndDrop -->
</testsuite> <!-- TestChrome -->
