<?xml version="1.0" encoding="UTF-8"?>
<testng-results ignored="1" total="15" passed="14" failed="0" skipped="0">
  <reporter-output>
  </reporter-output>
  <suite started-at="2022-01-20T14:59:31 EET" name="Suite" finished-at="2022-01-20T15:00:40 EET" duration-ms="69029">
    <groups>
    </groups>
    <test started-at="2022-01-20T14:59:31 EET" name="TestChrome" finished-at="2022-01-20T15:00:40 EET" duration-ms="69029">
      <class name="main.Start">
        <test-method is-config="true" signature="prepareClassProperties(java.lang.String)[pri:0, instance:main.Start@306f16f3]" started-at="2022-01-20T14:59:31 EET" name="prepareClassProperties" finished-at="2022-01-20T14:59:36 EET" duration-ms="5675" status="PASS">
          <params>
            <param index="0">
              <value>
                <![CDATA[Chrome]]>
              </value>
            </param>
          </params>
          <reporter-output>
          </reporter-output>
        </test-method> <!-- prepareClassProperties -->
        <test-method signature="startApplication()[pri:1, instance:main.Start@306f16f3]" started-at="2022-01-20T14:59:36 EET" name="startApplication" finished-at="2022-01-20T14:59:48 EET" duration-ms="11219" status="PASS">
          <reporter-output>
          </reporter-output>
        </test-method> <!-- startApplication -->
        <test-method signature="chooseAutoCompleteLink()[pri:2, instance:main.Start@306f16f3]" started-at="2022-01-20T14:59:48 EET" name="chooseAutoCompleteLink" finished-at="2022-01-20T14:59:51 EET" duration-ms="3145" status="PASS">
          <reporter-output>
          </reporter-output>
        </test-method> <!-- chooseAutoCompleteLink -->
        <test-method signature="fillAutoCompleteData()[pri:3, instance:main.Start@306f16f3]" started-at="2022-01-20T14:59:51 EET" name="fillAutoCompleteData" finished-at="2022-01-20T14:59:55 EET" duration-ms="4137" status="PASS">
          <reporter-output>
          </reporter-output>
        </test-method> <!-- fillAutoCompleteData -->
        <test-method signature="chooseButtonsLink()[pri:4, instance:main.Start@306f16f3]" started-at="2022-01-20T14:59:55 EET" name="chooseButtonsLink" finished-at="2022-01-20T15:00:01 EET" duration-ms="6482" status="PASS">
          <reporter-output>
          </reporter-output>
        </test-method> <!-- chooseButtonsLink -->
        <test-method signature="chooseCheckBoxs()[pri:5, instance:main.Start@306f16f3]" started-at="2022-01-20T15:00:01 EET" name="chooseCheckBoxs" finished-at="2022-01-20T15:00:07 EET" duration-ms="5539" status="PASS">
          <reporter-output>
          </reporter-output>
        </test-method> <!-- chooseCheckBoxs -->
        <test-method signature="chooseDatePicker()[pri:6, instance:main.Start@306f16f3]" started-at="2022-01-20T15:00:07 EET" name="chooseDatePicker" finished-at="2022-01-20T15:00:12 EET" duration-ms="5574" status="PASS">
          <reporter-output>
          </reporter-output>
        </test-method> <!-- chooseDatePicker -->
        <test-method signature="chooseEnableAndDisable()[pri:8, instance:main.Start@306f16f3]" started-at="2022-01-20T15:00:13 EET" name="chooseEnableAndDisable" finished-at="2022-01-20T15:00:15 EET" duration-ms="2170" status="PASS">
          <reporter-output>
          </reporter-output>
        </test-method> <!-- chooseEnableAndDisable -->
        <test-method signature="chooseUploadFile()[pri:9, instance:main.Start@306f16f3]" started-at="2022-01-20T15:00:15 EET" name="chooseUploadFile" finished-at="2022-01-20T15:00:16 EET" duration-ms="1406" status="PASS">
          <reporter-output>
          </reporter-output>
        </test-method> <!-- chooseUploadFile -->
        <test-method signature="chooseKeyAndMousPress()[pri:10, instance:main.Start@306f16f3]" started-at="2022-01-20T15:00:16 EET" name="chooseKeyAndMousPress" finished-at="2022-01-20T15:00:18 EET" duration-ms="2173" status="PASS">
          <reporter-output>
          </reporter-output>
        </test-method> <!-- chooseKeyAndMousPress -->
        <test-method signature="chooseModal()[pri:11, instance:main.Start@306f16f3]" started-at="2022-01-20T15:00:18 EET" name="chooseModal" finished-at="2022-01-20T15:00:23 EET" duration-ms="4478" status="PASS">
          <reporter-output>
          </reporter-output>
        </test-method> <!-- chooseModal -->
        <test-method signature="choosePageScroll()[pri:12, instance:main.Start@306f16f3]" started-at="2022-01-20T15:00:23 EET" name="choosePageScroll" finished-at="2022-01-20T15:00:25 EET" duration-ms="2305" status="PASS">
          <reporter-output>
          </reporter-output>
        </test-method> <!-- choosePageScroll -->
        <test-method signature="chooseRadioButtons()[pri:13, instance:main.Start@306f16f3]" started-at="2022-01-20T15:00:25 EET" name="chooseRadioButtons" finished-at="2022-01-20T15:00:26 EET" duration-ms="1209" status="PASS">
          <reporter-output>
          </reporter-output>
        </test-method> <!-- chooseRadioButtons -->
        <test-method signature="chooseSwitchWindows()[pri:14, instance:main.Start@306f16f3]" started-at="2022-01-20T15:00:26 EET" name="chooseSwitchWindows" finished-at="2022-01-20T15:00:30 EET" duration-ms="3327" status="PASS">
          <reporter-output>
          </reporter-output>
        </test-method> <!-- chooseSwitchWindows -->
        <test-method signature="chooseCompleteWebForm()[pri:15, instance:main.Start@306f16f3]" started-at="2022-01-20T15:00:30 EET" name="chooseCompleteWebForm" finished-at="2022-01-20T15:00:38 EET" duration-ms="8220" status="PASS">
          <reporter-output>
          </reporter-output>
        </test-method> <!-- chooseCompleteWebForm -->
        <test-method is-config="true" signature="closeApplication()[pri:0, instance:main.Start@306f16f3]" started-at="2022-01-20T15:00:38 EET" name="closeApplication" finished-at="2022-01-20T15:00:40 EET" duration-ms="1856" status="PASS">
          <reporter-output>
          </reporter-output>
        </test-method> <!-- closeApplication -->
      </class> <!-- main.Start -->
    </test> <!-- TestChrome -->
  </suite> <!-- Suite -->
</testng-results>
